{"/Users/neurekadev/Downloads/cartrawler-react-ts/src/utils.ts": {"path":"/Users/neurekadev/Downloads/cartrawler-react-ts/src/utils.ts","statementMap":{"0":{"start":{"line":3,"column":17},"end":{"line":3,"column":65}},"1":{"start":{"line":4,"column":2},"end":{"line":5,"column":134}},"2":{"start":{"line":4,"column":18},"end":{"line":4,"column":60}},"3":{"start":{"line":4,"column":62},"end":{"line":4,"column":94}},"4":{"start":{"line":4,"column":72},"end":{"line":4,"column":94}},"5":{"start":{"line":4,"column":95},"end":{"line":4,"column":127}},"6":{"start":{"line":5,"column":10},"end":{"line":5,"column":119}},"7":{"start":{"line":5,"column":26},"end":{"line":5,"column":74}},"8":{"start":{"line":5,"column":76},"end":{"line":5,"column":107}},"9":{"start":{"line":5,"column":86},"end":{"line":5,"column":107}},"10":{"start":{"line":5,"column":121},"end":{"line":5,"column":132}},"11":{"start":{"line":8,"column":21},"end":{"line":8,"column":23}},"12":{"start":{"line":10,"column":17},"end":{"line":14,"column":3}},"13":{"start":{"line":11,"column":4},"end":{"line":11,"column":49}},"14":{"start":{"line":11,"column":39},"end":{"line":11,"column":49}},"15":{"start":{"line":12,"column":4},"end":{"line":12,"column":68}},"16":{"start":{"line":12,"column":33},"end":{"line":12,"column":68}},"17":{"start":{"line":13,"column":4},"end":{"line":13,"column":20}},"18":{"start":{"line":16,"column":16},"end":{"line":19,"column":3}},"19":{"start":{"line":17,"column":14},"end":{"line":17,"column":25}},"20":{"start":{"line":18,"column":4},"end":{"line":18,"column":37}},"21":{"start":{"line":21,"column":2},"end":{"line":103,"column":4}},"22":{"start":{"line":23,"column":6},"end":{"line":26,"column":14}},"23":{"start":{"line":29,"column":6},"end":{"line":32,"column":15}},"24":{"start":{"line":34,"column":22},"end":{"line":34,"column":78}},"25":{"start":{"line":36,"column":4},"end":{"line":102,"column":6}},"26":{"start":{"line":37,"column":19},"end":{"line":37,"column":39}},"27":{"start":{"line":38,"column":16},"end":{"line":38,"column":68}},"28":{"start":{"line":40,"column":17},"end":{"line":40,"column":80}},"29":{"start":{"line":41,"column":20},"end":{"line":41,"column":87}},"30":{"start":{"line":42,"column":23},"end":{"line":42,"column":73}},"31":{"start":{"line":46,"column":8},"end":{"line":51,"column":13}},"32":{"start":{"line":54,"column":8},"end":{"line":56,"column":34}},"33":{"start":{"line":60,"column":8},"end":{"line":62,"column":11}},"34":{"start":{"line":65,"column":8},"end":{"line":67,"column":11}},"35":{"start":{"line":70,"column":8},"end":{"line":72,"column":11}},"36":{"start":{"line":75,"column":8},"end":{"line":77,"column":17}},"37":{"start":{"line":80,"column":8},"end":{"line":82,"column":17}},"38":{"start":{"line":84,"column":6},"end":{"line":101,"column":8}},"39":{"start":{"line":105,"column":2},"end":{"line":105,"column":12}},"40":{"start":{"line":108,"column":63},"end":{"line":108,"column":88}},"41":{"start":{"line":108,"column":90},"end":{"line":108,"column":417}},"42":{"start":{"line":111,"column":14},"end":{"line":111,"column":46}},"43":{"start":{"line":112,"column":2},"end":{"line":112,"column":61}},"44":{"start":{"line":112,"column":29},"end":{"line":112,"column":61}},"45":{"start":{"line":113,"column":2},"end":{"line":113,"column":59}},"46":{"start":{"line":113,"column":28},"end":{"line":113,"column":59}},"47":{"start":{"line":114,"column":2},"end":{"line":114,"column":61}},"48":{"start":{"line":114,"column":29},"end":{"line":114,"column":61}},"49":{"start":{"line":115,"column":2},"end":{"line":115,"column":36}},"50":{"start":{"line":119,"column":14},"end":{"line":119,"column":38}},"51":{"start":{"line":120,"column":2},"end":{"line":120,"column":47}},"52":{"start":{"line":120,"column":12},"end":{"line":120,"column":47}},"53":{"start":{"line":121,"column":2},"end":{"line":124,"column":3}},"54":{"start":{"line":122,"column":14},"end":{"line":122,"column":44}},"55":{"start":{"line":123,"column":4},"end":{"line":123,"column":53}},"56":{"start":{"line":125,"column":12},"end":{"line":125,"column":29}},"57":{"start":{"line":126,"column":2},"end":{"line":126,"column":52}},"58":{"start":{"line":129,"column":2},"end":{"line":142,"column":3}},"59":{"start":{"line":130,"column":17},"end":{"line":130,"column":30}},"60":{"start":{"line":131,"column":4},"end":{"line":139,"column":19}},"61":{"start":{"line":141,"column":4},"end":{"line":141,"column":14}},"62":{"start":{"line":145,"column":14},"end":{"line":145,"column":85}},"63":{"start":{"line":146,"column":2},"end":{"line":153,"column":3}},"64":{"start":{"line":147,"column":14},"end":{"line":147,"column":68}},"65":{"start":{"line":148,"column":4},"end":{"line":148,"column":26}},"66":{"start":{"line":148,"column":15},"end":{"line":148,"column":26}},"67":{"start":{"line":149,"column":16},"end":{"line":149,"column":30}},"68":{"start":{"line":150,"column":4},"end":{"line":150,"column":27}},"69":{"start":{"line":152,"column":4},"end":{"line":152,"column":15}}},"fnMap":{"0":{"name":"fetchFeedWithFallback","decl":{"start":{"line":2,"column":22},"end":{"line":2,"column":43}},"loc":{"start":{"line":2,"column":67},"end":{"line":6,"column":1}},"line":2},"1":{"name":"flattenCars","decl":{"start":{"line":7,"column":16},"end":{"line":7,"column":27}},"loc":{"start":{"line":7,"column":48},"end":{"line":106,"column":1}},"line":7},"2":{"name":"(anonymous_2)","decl":{"start":{"line":10,"column":17},"end":{"line":10,"column":18}},"loc":{"start":{"line":10,"column":52},"end":{"line":14,"column":3}},"line":10},"3":{"name":"(anonymous_3)","decl":{"start":{"line":16,"column":16},"end":{"line":16,"column":17}},"loc":{"start":{"line":16,"column":38},"end":{"line":19,"column":3}},"line":16},"4":{"name":"(anonymous_4)","decl":{"start":{"line":21,"column":16},"end":{"line":21,"column":17}},"loc":{"start":{"line":21,"column":41},"end":{"line":103,"column":3}},"line":21},"5":{"name":"(anonymous_5)","decl":{"start":{"line":36,"column":15},"end":{"line":36,"column":16}},"loc":{"start":{"line":36,"column":40},"end":{"line":102,"column":5}},"line":36},"6":{"name":"legendFromCore","decl":{"start":{"line":108,"column":16},"end":{"line":108,"column":30}},"loc":{"start":{"line":108,"column":50},"end":{"line":108,"column":419}},"line":108},"7":{"name":"vendorLogo","decl":{"start":{"line":110,"column":16},"end":{"line":110,"column":26}},"loc":{"start":{"line":110,"column":49},"end":{"line":116,"column":1}},"line":110},"8":{"name":"parseSeatMin","decl":{"start":{"line":118,"column":16},"end":{"line":118,"column":28}},"loc":{"start":{"line":118,"column":100},"end":{"line":127,"column":1}},"line":118},"9":{"name":"formatDateTime","decl":{"start":{"line":128,"column":16},"end":{"line":128,"column":30}},"loc":{"start":{"line":128,"column":78},"end":{"line":143,"column":1}},"line":128},"10":{"name":"getFareRules","decl":{"start":{"line":144,"column":22},"end":{"line":144,"column":34}},"loc":{"start":{"line":144,"column":92},"end":{"line":154,"column":1}},"line":144}},"branchMap":{"0":{"loc":{"start":{"line":4,"column":62},"end":{"line":4,"column":94}},"type":"if","locations":[{"start":{"line":4,"column":62},"end":{"line":4,"column":94}},{"start":{},"end":{}}],"line":4},"1":{"loc":{"start":{"line":5,"column":76},"end":{"line":5,"column":107}},"type":"if","locations":[{"start":{"line":5,"column":76},"end":{"line":5,"column":107}},{"start":{},"end":{}}],"line":5},"2":{"loc":{"start":{"line":11,"column":4},"end":{"line":11,"column":49}},"type":"if","locations":[{"start":{"line":11,"column":4},"end":{"line":11,"column":49}},{"start":{},"end":{}}],"line":11},"3":{"loc":{"start":{"line":11,"column":8},"end":{"line":11,"column":37}},"type":"binary-expr","locations":[{"start":{"line":11,"column":8},"end":{"line":11,"column":20}},{"start":{"line":11,"column":24},"end":{"line":11,"column":37}}],"line":11},"4":{"loc":{"start":{"line":12,"column":4},"end":{"line":12,"column":68}},"type":"if","locations":[{"start":{"line":12,"column":4},"end":{"line":12,"column":68}},{"start":{},"end":{}}],"line":12},"5":{"loc":{"start":{"line":18,"column":11},"end":{"line":18,"column":37}},"type":"cond-expr","locations":[{"start":{"line":18,"column":32},"end":{"line":18,"column":33}},{"start":{"line":18,"column":36},"end":{"line":18,"column":37}}],"line":18},"6":{"loc":{"start":{"line":23,"column":6},"end":{"line":26,"column":14}},"type":"binary-expr","locations":[{"start":{"line":23,"column":6},"end":{"line":23,"column":27}},{"start":{"line":24,"column":6},"end":{"line":24,"column":22}},{"start":{"line":25,"column":6},"end":{"line":25,"column":22}},{"start":{"line":26,"column":6},"end":{"line":26,"column":14}}],"line":23},"7":{"loc":{"start":{"line":29,"column":6},"end":{"line":32,"column":15}},"type":"binary-expr","locations":[{"start":{"line":29,"column":6},"end":{"line":29,"column":27}},{"start":{"line":30,"column":6},"end":{"line":30,"column":22}},{"start":{"line":31,"column":6},"end":{"line":31,"column":22}},{"start":{"line":32,"column":6},"end":{"line":32,"column":15}}],"line":29},"8":{"loc":{"start":{"line":34,"column":22},"end":{"line":34,"column":78}},"type":"binary-expr","locations":[{"start":{"line":34,"column":22},"end":{"line":34,"column":35}},{"start":{"line":34,"column":39},"end":{"line":34,"column":51}},{"start":{"line":34,"column":55},"end":{"line":34,"column":72}},{"start":{"line":34,"column":76},"end":{"line":34,"column":78}}],"line":34},"9":{"loc":{"start":{"line":37,"column":19},"end":{"line":37,"column":39}},"type":"binary-expr","locations":[{"start":{"line":37,"column":19},"end":{"line":37,"column":34}},{"start":{"line":37,"column":38},"end":{"line":37,"column":39}}],"line":37},"10":{"loc":{"start":{"line":38,"column":16},"end":{"line":38,"column":68}},"type":"binary-expr","locations":[{"start":{"line":38,"column":16},"end":{"line":38,"column":26}},{"start":{"line":38,"column":30},"end":{"line":38,"column":43}},{"start":{"line":38,"column":47},"end":{"line":38,"column":62}},{"start":{"line":38,"column":66},"end":{"line":38,"column":68}}],"line":38},"11":{"loc":{"start":{"line":40,"column":17},"end":{"line":40,"column":80}},"type":"binary-expr","locations":[{"start":{"line":40,"column":17},"end":{"line":40,"column":31}},{"start":{"line":40,"column":35},"end":{"line":40,"column":52}},{"start":{"line":40,"column":56},"end":{"line":40,"column":74}},{"start":{"line":40,"column":78},"end":{"line":40,"column":80}}],"line":40},"12":{"loc":{"start":{"line":41,"column":26},"end":{"line":41,"column":86}},"type":"binary-expr","locations":[{"start":{"line":41,"column":26},"end":{"line":41,"column":50}},{"start":{"line":41,"column":54},"end":{"line":41,"column":73}},{"start":{"line":41,"column":77},"end":{"line":41,"column":86}}],"line":41},"13":{"loc":{"start":{"line":42,"column":23},"end":{"line":42,"column":73}},"type":"binary-expr","locations":[{"start":{"line":42,"column":23},"end":{"line":42,"column":44}},{"start":{"line":42,"column":48},"end":{"line":42,"column":64}},{"start":{"line":42,"column":68},"end":{"line":42,"column":73}}],"line":42},"14":{"loc":{"start":{"line":46,"column":8},"end":{"line":51,"column":13}},"type":"binary-expr","locations":[{"start":{"line":46,"column":8},"end":{"line":46,"column":34}},{"start":{"line":47,"column":8},"end":{"line":47,"column":29}},{"start":{"line":48,"column":8},"end":{"line":48,"column":25}},{"start":{"line":49,"column":8},"end":{"line":49,"column":20}},{"start":{"line":50,"column":8},"end":{"line":50,"column":20}},{"start":{"line":51,"column":8},"end":{"line":51,"column":13}}],"line":46},"15":{"loc":{"start":{"line":54,"column":8},"end":{"line":56,"column":34}},"type":"binary-expr","locations":[{"start":{"line":54,"column":8},"end":{"line":54,"column":21}},{"start":{"line":55,"column":8},"end":{"line":55,"column":26}},{"start":{"line":56,"column":8},"end":{"line":56,"column":34}}],"line":54},"16":{"loc":{"start":{"line":60,"column":8},"end":{"line":62,"column":11}},"type":"binary-expr","locations":[{"start":{"line":60,"column":8},"end":{"line":60,"column":33}},{"start":{"line":61,"column":8},"end":{"line":61,"column":28}},{"start":{"line":62,"column":8},"end":{"line":62,"column":11}}],"line":60},"17":{"loc":{"start":{"line":65,"column":8},"end":{"line":67,"column":11}},"type":"binary-expr","locations":[{"start":{"line":65,"column":8},"end":{"line":65,"column":31}},{"start":{"line":66,"column":8},"end":{"line":66,"column":26}},{"start":{"line":67,"column":8},"end":{"line":67,"column":11}}],"line":65},"18":{"loc":{"start":{"line":70,"column":8},"end":{"line":72,"column":11}},"type":"binary-expr","locations":[{"start":{"line":70,"column":8},"end":{"line":70,"column":25}},{"start":{"line":71,"column":8},"end":{"line":71,"column":20}},{"start":{"line":72,"column":8},"end":{"line":72,"column":11}}],"line":70},"19":{"loc":{"start":{"line":75,"column":8},"end":{"line":77,"column":17}},"type":"binary-expr","locations":[{"start":{"line":75,"column":8},"end":{"line":75,"column":20}},{"start":{"line":76,"column":8},"end":{"line":76,"column":15}},{"start":{"line":77,"column":8},"end":{"line":77,"column":17}}],"line":75},"20":{"loc":{"start":{"line":80,"column":8},"end":{"line":82,"column":17}},"type":"binary-expr","locations":[{"start":{"line":80,"column":8},"end":{"line":80,"column":27}},{"start":{"line":81,"column":8},"end":{"line":81,"column":22}},{"start":{"line":82,"column":8},"end":{"line":82,"column":17}}],"line":80},"21":{"loc":{"start":{"line":91,"column":32},"end":{"line":91,"column":77}},"type":"binary-expr","locations":[{"start":{"line":91,"column":32},"end":{"line":91,"column":55}},{"start":{"line":91,"column":59},"end":{"line":91,"column":77}}],"line":91},"22":{"loc":{"start":{"line":92,"column":29},"end":{"line":92,"column":82}},"type":"binary-expr","locations":[{"start":{"line":92,"column":29},"end":{"line":92,"column":53}},{"start":{"line":92,"column":57},"end":{"line":92,"column":76}},{"start":{"line":92,"column":80},"end":{"line":92,"column":82}}],"line":92},"23":{"loc":{"start":{"line":93,"column":18},"end":{"line":93,"column":56}},"type":"binary-expr","locations":[{"start":{"line":93,"column":18},"end":{"line":93,"column":34}},{"start":{"line":93,"column":38},"end":{"line":93,"column":49}},{"start":{"line":93,"column":53},"end":{"line":93,"column":56}}],"line":93},"24":{"loc":{"start":{"line":94,"column":19},"end":{"line":94,"column":59}},"type":"binary-expr","locations":[{"start":{"line":94,"column":19},"end":{"line":94,"column":36}},{"start":{"line":94,"column":40},"end":{"line":94,"column":52}},{"start":{"line":94,"column":56},"end":{"line":94,"column":59}}],"line":94},"25":{"loc":{"start":{"line":108,"column":63},"end":{"line":108,"column":88}},"type":"binary-expr","locations":[{"start":{"line":108,"column":63},"end":{"line":108,"column":82}},{"start":{"line":108,"column":86},"end":{"line":108,"column":88}}],"line":108},"26":{"loc":{"start":{"line":108,"column":107},"end":{"line":108,"column":155}},"type":"binary-expr","locations":[{"start":{"line":108,"column":107},"end":{"line":108,"column":128}},{"start":{"line":108,"column":132},"end":{"line":108,"column":149}},{"start":{"line":108,"column":153},"end":{"line":108,"column":155}}],"line":108},"27":{"loc":{"start":{"line":108,"column":165},"end":{"line":108,"column":213}},"type":"binary-expr","locations":[{"start":{"line":108,"column":165},"end":{"line":108,"column":186}},{"start":{"line":108,"column":190},"end":{"line":108,"column":207}},{"start":{"line":108,"column":211},"end":{"line":108,"column":213}}],"line":108},"28":{"loc":{"start":{"line":108,"column":231},"end":{"line":108,"column":314}},"type":"binary-expr","locations":[{"start":{"line":108,"column":232},"end":{"line":108,"column":249}},{"start":{"line":108,"column":254},"end":{"line":108,"column":280}},{"start":{"line":108,"column":284},"end":{"line":108,"column":306}},{"start":{"line":108,"column":312},"end":{"line":108,"column":314}}],"line":108},"29":{"loc":{"start":{"line":108,"column":332},"end":{"line":108,"column":415}},"type":"binary-expr","locations":[{"start":{"line":108,"column":333},"end":{"line":108,"column":350}},{"start":{"line":108,"column":355},"end":{"line":108,"column":381}},{"start":{"line":108,"column":385},"end":{"line":108,"column":407}},{"start":{"line":108,"column":413},"end":{"line":108,"column":415}}],"line":108},"30":{"loc":{"start":{"line":111,"column":21},"end":{"line":111,"column":31}},"type":"binary-expr","locations":[{"start":{"line":111,"column":21},"end":{"line":111,"column":25}},{"start":{"line":111,"column":29},"end":{"line":111,"column":31}}],"line":111},"31":{"loc":{"start":{"line":112,"column":2},"end":{"line":112,"column":61}},"type":"if","locations":[{"start":{"line":112,"column":2},"end":{"line":112,"column":61}},{"start":{},"end":{}}],"line":112},"32":{"loc":{"start":{"line":113,"column":2},"end":{"line":113,"column":59}},"type":"if","locations":[{"start":{"line":113,"column":2},"end":{"line":113,"column":59}},{"start":{},"end":{}}],"line":113},"33":{"loc":{"start":{"line":114,"column":2},"end":{"line":114,"column":61}},"type":"if","locations":[{"start":{"line":114,"column":2},"end":{"line":114,"column":61}},{"start":{},"end":{}}],"line":114},"34":{"loc":{"start":{"line":119,"column":21},"end":{"line":119,"column":30}},"type":"binary-expr","locations":[{"start":{"line":119,"column":21},"end":{"line":119,"column":24}},{"start":{"line":119,"column":28},"end":{"line":119,"column":30}}],"line":119},"35":{"loc":{"start":{"line":120,"column":2},"end":{"line":120,"column":47}},"type":"if","locations":[{"start":{"line":120,"column":2},"end":{"line":120,"column":47}},{"start":{},"end":{}}],"line":120},"36":{"loc":{"start":{"line":121,"column":2},"end":{"line":124,"column":3}},"type":"if","locations":[{"start":{"line":121,"column":2},"end":{"line":124,"column":3}},{"start":{},"end":{}}],"line":121},"37":{"loc":{"start":{"line":123,"column":18},"end":{"line":123,"column":34}},"type":"cond-expr","locations":[{"start":{"line":123,"column":29},"end":{"line":123,"column":30}},{"start":{"line":123,"column":33},"end":{"line":123,"column":34}}],"line":123},"38":{"loc":{"start":{"line":126,"column":16},"end":{"line":126,"column":32}},"type":"cond-expr","locations":[{"start":{"line":126,"column":27},"end":{"line":126,"column":28}},{"start":{"line":126,"column":31},"end":{"line":126,"column":32}}],"line":126},"39":{"loc":{"start":{"line":128,"column":44},"end":{"line":128,"column":68}},"type":"default-arg","locations":[{"start":{"line":128,"column":61},"end":{"line":128,"column":68}}],"line":128},"40":{"loc":{"start":{"line":145,"column":24},"end":{"line":145,"column":34}},"type":"binary-expr","locations":[{"start":{"line":145,"column":24},"end":{"line":145,"column":30}},{"start":{"line":145,"column":32},"end":{"line":145,"column":34}}],"line":145},"41":{"loc":{"start":{"line":145,"column":60},"end":{"line":145,"column":68}},"type":"binary-expr","locations":[{"start":{"line":145,"column":60},"end":{"line":145,"column":64}},{"start":{"line":145,"column":66},"end":{"line":145,"column":68}}],"line":145},"42":{"loc":{"start":{"line":148,"column":4},"end":{"line":148,"column":26}},"type":"if","locations":[{"start":{"line":148,"column":4},"end":{"line":148,"column":26}},{"start":{},"end":{}}],"line":148},"43":{"loc":{"start":{"line":150,"column":11},"end":{"line":150,"column":27}},"type":"binary-expr","locations":[{"start":{"line":150,"column":11},"end":{"line":150,"column":19}},{"start":{"line":150,"column":23},"end":{"line":150,"column":27}}],"line":150}},"s":{"0":0,"1":0,"2":0,"3":0,"4":0,"5":0,"6":0,"7":0,"8":0,"9":0,"10":0,"11":0,"12":0,"13":0,"14":0,"15":0,"16":0,"17":0,"18":0,"19":0,"20":0,"21":0,"22":0,"23":0,"24":0,"25":0,"26":0,"27":0,"28":0,"29":0,"30":0,"31":0,"32":0,"33":0,"34":0,"35":0,"36":0,"37":0,"38":0,"39":0,"40":0,"41":0,"42":2,"43":2,"44":2,"45":0,"46":0,"47":0,"48":0,"49":0,"50":0,"51":0,"52":0,"53":0,"54":0,"55":0,"56":0,"57":0,"58":0,"59":0,"60":0,"61":0,"62":0,"63":0,"64":0,"65":0,"66":0,"67":0,"68":0,"69":0},"f":{"0":0,"1":0,"2":0,"3":0,"4":0,"5":0,"6":0,"7":2,"8":0,"9":0,"10":0},"b":{"0":[0,0],"1":[0,0],"2":[0,0],"3":[0,0],"4":[0,0],"5":[0,0],"6":[0,0,0,0],"7":[0,0,0,0],"8":[0,0,0,0],"9":[0,0],"10":[0,0,0,0],"11":[0,0,0,0],"12":[0,0,0],"13":[0,0,0],"14":[0,0,0,0,0,0],"15":[0,0,0],"16":[0,0,0],"17":[0,0,0],"18":[0,0,0],"19":[0,0,0],"20":[0,0,0],"21":[0,0],"22":[0,0,0],"23":[0,0,0],"24":[0,0,0],"25":[0,0],"26":[0,0,0],"27":[0,0,0],"28":[0,0,0,0],"29":[0,0,0,0],"30":[2,0],"31":[2,0],"32":[0,0],"33":[0,0],"34":[0,0],"35":[0,0],"36":[0,0],"37":[0,0],"38":[0,0],"39":[0],"40":[0,0],"41":[0,0],"42":[0,0],"43":[0,0]},"_coverageSchema":"1a1c01bbd47fc00a2c39e90264f33305004495a9","hash":"8861dd0ebfb9913f372d8db1c87e88f7ed417850"}
,"/Users/neurekadev/Downloads/cartrawler-react-ts/src/components/FareRulesModal.tsx": {"path":"/Users/neurekadev/Downloads/cartrawler-react-ts/src/components/FareRulesModal.tsx","statementMap":{"0":{"start":{"line":17,"column":2},"end":{"line":17,"column":24}},"1":{"start":{"line":17,"column":13},"end":{"line":17,"column":24}},"2":{"start":{"line":18,"column":2},"end":{"line":54,"column":3}},"3":{"start":{"line":47,"column":48},"end":{"line":47,"column":105}}},"fnMap":{"0":{"name":"FareRulesModal","decl":{"start":{"line":4,"column":24},"end":{"line":4,"column":38}},"loc":{"start":{"line":16,"column":3},"end":{"line":55,"column":1}},"line":16},"1":{"name":"(anonymous_1)","decl":{"start":{"line":47,"column":38},"end":{"line":47,"column":39}},"loc":{"start":{"line":47,"column":48},"end":{"line":47,"column":105}},"line":47}},"branchMap":{"0":{"loc":{"start":{"line":17,"column":2},"end":{"line":17,"column":24}},"type":"if","locations":[{"start":{"line":17,"column":2},"end":{"line":17,"column":24}},{"start":{},"end":{}}],"line":17},"1":{"loc":{"start":{"line":26,"column":9},"end":{"line":26,"column":35}},"type":"binary-expr","locations":[{"start":{"line":26,"column":9},"end":{"line":26,"column":16}},{"start":{"line":26,"column":20},"end":{"line":26,"column":35}}],"line":26},"2":{"loc":{"start":{"line":27,"column":9},"end":{"line":27,"column":44}},"type":"binary-expr","locations":[{"start":{"line":27,"column":9},"end":{"line":27,"column":17}},{"start":{"line":27,"column":21},"end":{"line":27,"column":26}},{"start":{"line":27,"column":30},"end":{"line":27,"column":44}}],"line":27},"3":{"loc":{"start":{"line":28,"column":9},"end":{"line":28,"column":95}},"type":"binary-expr","locations":[{"start":{"line":28,"column":9},"end":{"line":28,"column":17}},{"start":{"line":28,"column":21},"end":{"line":28,"column":27}},{"start":{"line":28,"column":31},"end":{"line":28,"column":37}},{"start":{"line":28,"column":41},"end":{"line":28,"column":95}}],"line":28},"4":{"loc":{"start":{"line":30,"column":9},"end":{"line":51,"column":9}},"type":"binary-expr","locations":[{"start":{"line":30,"column":9},"end":{"line":30,"column":17}},{"start":{"line":30,"column":21},"end":{"line":30,"column":27}},{"start":{"line":30,"column":31},"end":{"line":30,"column":36}},{"start":{"line":31,"column":10},"end":{"line":50,"column":16}}],"line":30},"5":{"loc":{"start":{"line":32,"column":13},"end":{"line":35,"column":13}},"type":"binary-expr","locations":[{"start":{"line":32,"column":13},"end":{"line":32,"column":31}},{"start":{"line":33,"column":14},"end":{"line":34,"column":129}}],"line":32},"6":{"loc":{"start":{"line":33,"column":49},"end":{"line":34,"column":89}},"type":"cond-expr","locations":[{"start":{"line":34,"column":18},"end":{"line":34,"column":84}},{"start":{"line":34,"column":87},"end":{"line":34,"column":89}}],"line":33},"7":{"loc":{"start":{"line":34,"column":91},"end":{"line":34,"column":124}},"type":"binary-expr","locations":[{"start":{"line":34,"column":91},"end":{"line":34,"column":118}},{"start":{"line":34,"column":122},"end":{"line":34,"column":124}}],"line":34},"8":{"loc":{"start":{"line":36,"column":13},"end":{"line":36,"column":78}},"type":"binary-expr","locations":[{"start":{"line":36,"column":13},"end":{"line":36,"column":26}},{"start":{"line":36,"column":30},"end":{"line":36,"column":78}}],"line":36},"9":{"loc":{"start":{"line":37,"column":13},"end":{"line":37,"column":81}},"type":"binary-expr","locations":[{"start":{"line":37,"column":13},"end":{"line":37,"column":29}},{"start":{"line":37,"column":33},"end":{"line":37,"column":81}}],"line":37},"10":{"loc":{"start":{"line":38,"column":13},"end":{"line":40,"column":13}},"type":"binary-expr","locations":[{"start":{"line":38,"column":13},"end":{"line":38,"column":26}},{"start":{"line":39,"column":14},"end":{"line":39,"column":175}}],"line":38},"11":{"loc":{"start":{"line":39,"column":45},"end":{"line":39,"column":85}},"type":"binary-expr","locations":[{"start":{"line":39,"column":45},"end":{"line":39,"column":70}},{"start":{"line":39,"column":74},"end":{"line":39,"column":85}}],"line":39},"12":{"loc":{"start":{"line":39,"column":93},"end":{"line":39,"column":170}},"type":"cond-expr","locations":[{"start":{"line":39,"column":123},"end":{"line":39,"column":165}},{"start":{"line":39,"column":168},"end":{"line":39,"column":170}}],"line":39},"13":{"loc":{"start":{"line":41,"column":13},"end":{"line":41,"column":78}},"type":"binary-expr","locations":[{"start":{"line":41,"column":13},"end":{"line":41,"column":26}},{"start":{"line":41,"column":30},"end":{"line":41,"column":78}}],"line":41},"14":{"loc":{"start":{"line":42,"column":13},"end":{"line":42,"column":73}},"type":"binary-expr","locations":[{"start":{"line":42,"column":13},"end":{"line":42,"column":22}},{"start":{"line":42,"column":26},"end":{"line":42,"column":73}}],"line":42},"15":{"loc":{"start":{"line":43,"column":13},"end":{"line":43,"column":109}},"type":"cond-expr","locations":[{"start":{"line":43,"column":39},"end":{"line":43,"column":102}},{"start":{"line":43,"column":105},"end":{"line":43,"column":109}}],"line":43},"16":{"loc":{"start":{"line":44,"column":13},"end":{"line":49,"column":20}},"type":"cond-expr","locations":[{"start":{"line":45,"column":14},"end":{"line":48,"column":20}},{"start":{"line":49,"column":16},"end":{"line":49,"column":20}}],"line":44},"17":{"loc":{"start":{"line":47,"column":69},"end":{"line":47,"column":99}},"type":"cond-expr","locations":[{"start":{"line":47,"column":79},"end":{"line":47,"column":94}},{"start":{"line":47,"column":97},"end":{"line":47,"column":99}}],"line":47}},"s":{"0":4,"1":3,"2":1,"3":0},"f":{"0":4,"1":0},"b":{"0":[3,1],"1":[1,0],"2":[1,1,0],"3":[1,1,1,0],"4":[1,1,1,1],"5":[1,1],"6":[1,0],"7":[1,0],"8":[1,0],"9":[1,1],"10":[1,0],"11":[0,0],"12":[0,0],"13":[1,0],"14":[1,0],"15":[0,1],"16":[0,1],"17":[0,0]},"_coverageSchema":"1a1c01bbd47fc00a2c39e90264f33305004495a9","hash":"72f4269db5beb176f5d5414d7f8b02cabd248974"}
,"/Users/neurekadev/Downloads/cartrawler-react-ts/src/components/FiltersControls.tsx": {"path":"/Users/neurekadev/Downloads/cartrawler-react-ts/src/components/FiltersControls.tsx","statementMap":{"0":{"start":{"line":26,"column":2},"end":{"line":62,"column":3}},"1":{"start":{"line":34,"column":75},"end":{"line":34,"column":111}},"2":{"start":{"line":43,"column":73},"end":{"line":43,"column":96}},"3":{"start":{"line":44,"column":34},"end":{"line":44,"column":78}},"4":{"start":{"line":50,"column":73},"end":{"line":50,"column":96}},"5":{"start":{"line":51,"column":34},"end":{"line":51,"column":78}},"6":{"start":{"line":57,"column":78},"end":{"line":57,"column":105}},"7":{"start":{"line":58,"column":34},"end":{"line":58,"column":78}}},"fnMap":{"0":{"name":"FiltersControls","decl":{"start":{"line":22,"column":24},"end":{"line":22,"column":39}},"loc":{"start":{"line":25,"column":10},"end":{"line":63,"column":1}},"line":25},"1":{"name":"(anonymous_1)","decl":{"start":{"line":34,"column":70},"end":{"line":34,"column":71}},"loc":{"start":{"line":34,"column":75},"end":{"line":34,"column":111}},"line":34},"2":{"name":"(anonymous_2)","decl":{"start":{"line":43,"column":68},"end":{"line":43,"column":69}},"loc":{"start":{"line":43,"column":73},"end":{"line":43,"column":96}},"line":43},"3":{"name":"(anonymous_3)","decl":{"start":{"line":44,"column":27},"end":{"line":44,"column":28}},"loc":{"start":{"line":44,"column":34},"end":{"line":44,"column":78}},"line":44},"4":{"name":"(anonymous_4)","decl":{"start":{"line":50,"column":68},"end":{"line":50,"column":69}},"loc":{"start":{"line":50,"column":73},"end":{"line":50,"column":96}},"line":50},"5":{"name":"(anonymous_5)","decl":{"start":{"line":51,"column":27},"end":{"line":51,"column":28}},"loc":{"start":{"line":51,"column":34},"end":{"line":51,"column":78}},"line":51},"6":{"name":"(anonymous_6)","decl":{"start":{"line":57,"column":73},"end":{"line":57,"column":74}},"loc":{"start":{"line":57,"column":78},"end":{"line":57,"column":105}},"line":57},"7":{"name":"(anonymous_7)","decl":{"start":{"line":58,"column":27},"end":{"line":58,"column":28}},"loc":{"start":{"line":58,"column":34},"end":{"line":58,"column":78}},"line":58}},"branchMap":{},"s":{"0":1,"1":1,"2":0,"3":2,"4":0,"5":2,"6":0,"7":3},"f":{"0":1,"1":1,"2":0,"3":2,"4":0,"5":2,"6":0,"7":3},"b":{},"_coverageSchema":"1a1c01bbd47fc00a2c39e90264f33305004495a9","hash":"5c42ebaf1196804c2db481ae865a4c64992f5dd6"}
,"/Users/neurekadev/Downloads/cartrawler-react-ts/src/components/CarCard/CarChips.tsx": {"path":"/Users/neurekadev/Downloads/cartrawler-react-ts/src/components/CarCard/CarChips.tsx","statementMap":{"0":{"start":{"line":13,"column":2},"end":{"line":36,"column":3}}},"fnMap":{"0":{"name":"CarChips","decl":{"start":{"line":12,"column":16},"end":{"line":12,"column":24}},"loc":{"start":{"line":12,"column":91},"end":{"line":37,"column":1}},"line":12}},"branchMap":{},"s":{"0":2},"f":{"0":2},"b":{},"_coverageSchema":"1a1c01bbd47fc00a2c39e90264f33305004495a9","hash":"29d7544250b78139de16d012081bff8d4e26b214"}
,"/Users/neurekadev/Downloads/cartrawler-react-ts/src/components/CarCard/CarMedia.tsx": {"path":"/Users/neurekadev/Downloads/cartrawler-react-ts/src/components/CarCard/CarMedia.tsx","statementMap":{"0":{"start":{"line":4,"column":2},"end":{"line":8,"column":3}}},"fnMap":{"0":{"name":"CarMedia","decl":{"start":{"line":3,"column":16},"end":{"line":3,"column":24}},"loc":{"start":{"line":3,"column":85},"end":{"line":9,"column":1}},"line":3}},"branchMap":{},"s":{"0":2},"f":{"0":2},"b":{},"_coverageSchema":"1a1c01bbd47fc00a2c39e90264f33305004495a9","hash":"6c223a1882129434f09df996874053e40426ffe0"}
,"/Users/neurekadev/Downloads/cartrawler-react-ts/src/components/CarCard/CarPriceActions.tsx": {"path":"/Users/neurekadev/Downloads/cartrawler-react-ts/src/components/CarCard/CarPriceActions.tsx","statementMap":{"0":{"start":{"line":16,"column":26},"end":{"line":16,"column":41}},"1":{"start":{"line":17,"column":32},"end":{"line":17,"column":47}},"2":{"start":{"line":18,"column":28},"end":{"line":18,"column":60}},"3":{"start":{"line":19,"column":28},"end":{"line":19,"column":57}},"4":{"start":{"line":22,"column":17},"end":{"line":22,"column":49}},"5":{"start":{"line":23,"column":15},"end":{"line":23,"column":59}},"6":{"start":{"line":26,"column":4},"end":{"line":26,"column":17}},"7":{"start":{"line":27,"column":4},"end":{"line":27,"column":20}},"8":{"start":{"line":28,"column":4},"end":{"line":28,"column":18}},"9":{"start":{"line":29,"column":4},"end":{"line":37,"column":5}},"10":{"start":{"line":30,"column":19},"end":{"line":30,"column":51}},"11":{"start":{"line":31,"column":6},"end":{"line":31,"column":20}},"12":{"start":{"line":33,"column":6},"end":{"line":33,"column":56}},"13":{"start":{"line":34,"column":6},"end":{"line":34,"column":20}},"14":{"start":{"line":36,"column":6},"end":{"line":36,"column":23}},"15":{"start":{"line":40,"column":2},"end":{"line":86,"column":3}},"16":{"start":{"line":48,"column":25},"end":{"line":48,"column":42}},"17":{"start":{"line":80,"column":23},"end":{"line":80,"column":37}}},"fnMap":{"0":{"name":"CarPriceActions","decl":{"start":{"line":15,"column":16},"end":{"line":15,"column":31}},"loc":{"start":{"line":15,"column":77},"end":{"line":87,"column":1}},"line":15},"1":{"name":"openRules","decl":{"start":{"line":25,"column":17},"end":{"line":25,"column":26}},"loc":{"start":{"line":25,"column":29},"end":{"line":38,"column":3}},"line":25},"2":{"name":"(anonymous_2)","decl":{"start":{"line":48,"column":19},"end":{"line":48,"column":20}},"loc":{"start":{"line":48,"column":25},"end":{"line":48,"column":42}},"line":48},"3":{"name":"(anonymous_3)","decl":{"start":{"line":80,"column":17},"end":{"line":80,"column":18}},"loc":{"start":{"line":80,"column":23},"end":{"line":80,"column":37}},"line":80}},"branchMap":{"0":{"loc":{"start":{"line":22,"column":18},"end":{"line":22,"column":34}},"type":"binary-expr","locations":[{"start":{"line":22,"column":18},"end":{"line":22,"column":28}},{"start":{"line":22,"column":32},"end":{"line":22,"column":34}}],"line":22},"1":{"loc":{"start":{"line":23,"column":15},"end":{"line":23,"column":59}},"type":"binary-expr","locations":[{"start":{"line":23,"column":15},"end":{"line":23,"column":32}},{"start":{"line":23,"column":36},"end":{"line":23,"column":53}},{"start":{"line":23,"column":57},"end":{"line":23,"column":59}}],"line":23},"2":{"loc":{"start":{"line":47,"column":21},"end":{"line":47,"column":65}},"type":"cond-expr","locations":[{"start":{"line":47,"column":37},"end":{"line":47,"column":53}},{"start":{"line":47,"column":56},"end":{"line":47,"column":65}}],"line":47},"3":{"loc":{"start":{"line":50,"column":17},"end":{"line":50,"column":49}},"type":"cond-expr","locations":[{"start":{"line":50,"column":33},"end":{"line":50,"column":40}},{"start":{"line":50,"column":43},"end":{"line":50,"column":49}}],"line":50},"4":{"loc":{"start":{"line":52,"column":11},"end":{"line":52,"column":36}},"type":"cond-expr","locations":[{"start":{"line":52,"column":27},"end":{"line":52,"column":30}},{"start":{"line":52,"column":33},"end":{"line":52,"column":36}}],"line":52}},"s":{"0":11,"1":11,"2":11,"3":11,"4":11,"5":11,"6":2,"7":2,"8":2,"9":2,"10":2,"11":1,"12":1,"13":1,"14":2,"15":11,"16":2,"17":0},"f":{"0":11,"1":2,"2":2,"3":0},"b":{"0":[11,0],"1":[11,0,0],"2":[1,10],"3":[1,10],"4":[1,10]},"_coverageSchema":"1a1c01bbd47fc00a2c39e90264f33305004495a9","hash":"f9bf188deccdacb5cbfd1424f4c36fbd32098eba"}
,"/Users/neurekadev/Downloads/cartrawler-react-ts/src/components/CarCard/CarTitle.tsx": {"path":"/Users/neurekadev/Downloads/cartrawler-react-ts/src/components/CarCard/CarTitle.tsx","statementMap":{"0":{"start":{"line":5,"column":2},"end":{"line":10,"column":3}}},"fnMap":{"0":{"name":"CarTitle","decl":{"start":{"line":4,"column":16},"end":{"line":4,"column":24}},"loc":{"start":{"line":4,"column":77},"end":{"line":11,"column":1}},"line":4}},"branchMap":{},"s":{"0":2},"f":{"0":2},"b":{},"_coverageSchema":"1a1c01bbd47fc00a2c39e90264f33305004495a9","hash":"74a443e707c67455b19e699f930975cfff551882"}
,"/Users/neurekadev/Downloads/cartrawler-react-ts/src/components/CarCard/index.tsx": {"path":"/Users/neurekadev/Downloads/cartrawler-react-ts/src/components/CarCard/index.tsx","statementMap":{"0":{"start":{"line":16,"column":2},"end":{"line":32,"column":3}}},"fnMap":{"0":{"name":"CarCard","decl":{"start":{"line":15,"column":24},"end":{"line":15,"column":31}},"loc":{"start":{"line":15,"column":74},"end":{"line":33,"column":1}},"line":15}},"branchMap":{},"s":{"0":2},"f":{"0":2},"b":{},"_coverageSchema":"1a1c01bbd47fc00a2c39e90264f33305004495a9","hash":"dafe09dee5a82c4df7f0bb1df2ae2b248278968d"}
}
