TN:
SF:src/utils.ts
FN:2,fetchFeedWithFallback
FN:7,flattenCars
FN:10,(anonymous_2)
FN:16,(anonymous_3)
FN:21,(anonymous_4)
FN:36,(anonymous_5)
FN:108,legendFromCore
FN:110,vendorLogo
FN:118,parseSeatMin
FN:128,formatDateTime
FN:144,getFareRules
FNF:11
FNH:1
FNDA:0,fetchFeedWithFallback
FNDA:0,flattenCars
FNDA:0,(anonymous_2)
FNDA:0,(anonymous_3)
FNDA:0,(anonymous_4)
FNDA:0,(anonymous_5)
FNDA:0,legendFromCore
FNDA:4,vendorLogo
FNDA:0,parseSeatMin
FNDA:0,formatDateTime
FNDA:0,getFareRules
DA:3,0
DA:4,0
DA:5,0
DA:8,0
DA:10,0
DA:11,0
DA:12,0
DA:13,0
DA:16,0
DA:17,0
DA:18,0
DA:21,0
DA:23,0
DA:29,0
DA:34,0
DA:36,0
DA:37,0
DA:38,0
DA:40,0
DA:41,0
DA:42,0
DA:46,0
DA:54,0
DA:60,0
DA:65,0
DA:70,0
DA:75,0
DA:80,0
DA:84,0
DA:105,0
DA:108,0
DA:111,4
DA:112,4
DA:113,0
DA:114,0
DA:115,0
DA:119,0
DA:120,0
DA:121,0
DA:122,0
DA:123,0
DA:125,0
DA:126,0
DA:129,0
DA:130,0
DA:131,0
DA:141,0
DA:145,0
DA:146,0
DA:147,0
DA:148,0
DA:149,0
DA:150,0
DA:152,0
LF:54
LH:2
BRDA:4,0,0,0
BRDA:4,0,1,0
BRDA:5,1,0,0
BRDA:5,1,1,0
BRDA:11,2,0,0
BRDA:11,2,1,0
BRDA:11,3,0,0
BRDA:11,3,1,0
BRDA:12,4,0,0
BRDA:12,4,1,0
BRDA:18,5,0,0
BRDA:18,5,1,0
BRDA:23,6,0,0
BRDA:23,6,1,0
BRDA:23,6,2,0
BRDA:23,6,3,0
BRDA:29,7,0,0
BRDA:29,7,1,0
BRDA:29,7,2,0
BRDA:29,7,3,0
BRDA:34,8,0,0
BRDA:34,8,1,0
BRDA:34,8,2,0
BRDA:34,8,3,0
BRDA:37,9,0,0
BRDA:37,9,1,0
BRDA:38,10,0,0
BRDA:38,10,1,0
BRDA:38,10,2,0
BRDA:38,10,3,0
BRDA:40,11,0,0
BRDA:40,11,1,0
BRDA:40,11,2,0
BRDA:40,11,3,0
BRDA:41,12,0,0
BRDA:41,12,1,0
BRDA:41,12,2,0
BRDA:42,13,0,0
BRDA:42,13,1,0
BRDA:42,13,2,0
BRDA:46,14,0,0
BRDA:46,14,1,0
BRDA:46,14,2,0
BRDA:46,14,3,0
BRDA:46,14,4,0
BRDA:46,14,5,0
BRDA:54,15,0,0
BRDA:54,15,1,0
BRDA:54,15,2,0
BRDA:60,16,0,0
BRDA:60,16,1,0
BRDA:60,16,2,0
BRDA:65,17,0,0
BRDA:65,17,1,0
BRDA:65,17,2,0
BRDA:70,18,0,0
BRDA:70,18,1,0
BRDA:70,18,2,0
BRDA:75,19,0,0
BRDA:75,19,1,0
BRDA:75,19,2,0
BRDA:80,20,0,0
BRDA:80,20,1,0
BRDA:80,20,2,0
BRDA:91,21,0,0
BRDA:91,21,1,0
BRDA:92,22,0,0
BRDA:92,22,1,0
BRDA:92,22,2,0
BRDA:93,23,0,0
BRDA:93,23,1,0
BRDA:93,23,2,0
BRDA:94,24,0,0
BRDA:94,24,1,0
BRDA:94,24,2,0
BRDA:108,25,0,0
BRDA:108,25,1,0
BRDA:108,26,0,0
BRDA:108,26,1,0
BRDA:108,26,2,0
BRDA:108,27,0,0
BRDA:108,27,1,0
BRDA:108,27,2,0
BRDA:108,28,0,0
BRDA:108,28,1,0
BRDA:108,28,2,0
BRDA:108,28,3,0
BRDA:108,29,0,0
BRDA:108,29,1,0
BRDA:108,29,2,0
BRDA:108,29,3,0
BRDA:111,30,0,4
BRDA:111,30,1,0
BRDA:112,31,0,4
BRDA:112,31,1,0
BRDA:113,32,0,0
BRDA:113,32,1,0
BRDA:114,33,0,0
BRDA:114,33,1,0
BRDA:119,34,0,0
BRDA:119,34,1,0
BRDA:120,35,0,0
BRDA:120,35,1,0
BRDA:121,36,0,0
BRDA:121,36,1,0
BRDA:123,37,0,0
BRDA:123,37,1,0
BRDA:126,38,0,0
BRDA:126,38,1,0
BRDA:128,39,0,0
BRDA:145,40,0,0
BRDA:145,40,1,0
BRDA:145,41,0,0
BRDA:145,41,1,0
BRDA:148,42,0,0
BRDA:148,42,1,0
BRDA:150,43,0,0
BRDA:150,43,1,0
BRF:118
BRH:2
end_of_record
TN:
SF:src/components/FareRulesModal.tsx
FN:4,FareRulesModal
FN:47,(anonymous_1)
FNF:2
FNH:1
FNDA:6,FareRulesModal
FNDA:0,(anonymous_1)
DA:17,6
DA:18,1
DA:47,0
LF:3
LH:2
BRDA:17,0,0,5
BRDA:17,0,1,1
BRDA:26,1,0,1
BRDA:26,1,1,0
BRDA:27,2,0,1
BRDA:27,2,1,1
BRDA:27,2,2,0
BRDA:28,3,0,1
BRDA:28,3,1,1
BRDA:28,3,2,1
BRDA:28,3,3,0
BRDA:30,4,0,1
BRDA:30,4,1,1
BRDA:30,4,2,1
BRDA:30,4,3,1
BRDA:32,5,0,1
BRDA:32,5,1,1
BRDA:33,6,0,1
BRDA:33,6,1,0
BRDA:34,7,0,1
BRDA:34,7,1,0
BRDA:36,8,0,1
BRDA:36,8,1,0
BRDA:37,9,0,1
BRDA:37,9,1,1
BRDA:38,10,0,1
BRDA:38,10,1,0
BRDA:39,11,0,0
BRDA:39,11,1,0
BRDA:39,12,0,0
BRDA:39,12,1,0
BRDA:41,13,0,1
BRDA:41,13,1,0
BRDA:42,14,0,1
BRDA:42,14,1,0
BRDA:43,15,0,0
BRDA:43,15,1,1
BRDA:44,16,0,0
BRDA:44,16,1,1
BRDA:47,17,0,0
BRDA:47,17,1,0
BRF:41
BRH:24
end_of_record
TN:
SF:src/components/FiltersControls.tsx
FN:22,FiltersControls
FN:34,(anonymous_1)
FN:43,(anonymous_2)
FN:44,(anonymous_3)
FN:50,(anonymous_4)
FN:51,(anonymous_5)
FN:57,(anonymous_6)
FN:58,(anonymous_7)
FNF:8
FNH:5
FNDA:1,FiltersControls
FNDA:1,(anonymous_1)
FNDA:0,(anonymous_2)
FNDA:2,(anonymous_3)
FNDA:0,(anonymous_4)
FNDA:2,(anonymous_5)
FNDA:0,(anonymous_6)
FNDA:3,(anonymous_7)
DA:26,1
DA:34,1
DA:43,0
DA:44,2
DA:50,0
DA:51,2
DA:57,0
DA:58,3
LF:8
LH:5
BRF:0
BRH:0
end_of_record
TN:
SF:src/components/CarCard/CarChips.tsx
FN:12,CarChips
FNF:1
FNH:1
FNDA:4,CarChips
DA:13,4
LF:1
LH:1
BRF:0
BRH:0
end_of_record
TN:
SF:src/components/CarCard/CarMedia.tsx
FN:3,CarMedia
FNF:1
FNH:1
FNDA:4,CarMedia
DA:4,4
LF:1
LH:1
BRF:0
BRH:0
end_of_record
TN:
SF:src/components/CarCard/CarPriceActions.tsx
FN:15,CarPriceActions
FN:25,openRules
FN:48,(anonymous_2)
FN:80,(anonymous_3)
FNF:4
FNH:1
FNDA:4,CarPriceActions
FNDA:0,openRules
FNDA:0,(anonymous_2)
FNDA:0,(anonymous_3)
DA:16,4
DA:17,4
DA:18,4
DA:19,4
DA:22,4
DA:23,4
DA:26,0
DA:27,0
DA:28,0
DA:29,0
DA:30,0
DA:31,0
DA:33,0
DA:34,0
DA:36,0
DA:40,4
DA:48,0
DA:80,0
LF:18
LH:7
BRDA:22,0,0,4
BRDA:22,0,1,0
BRDA:23,1,0,4
BRDA:23,1,1,0
BRDA:23,1,2,0
BRDA:47,2,0,0
BRDA:47,2,1,4
BRDA:50,3,0,0
BRDA:50,3,1,4
BRDA:52,4,0,0
BRDA:52,4,1,4
BRF:11
BRH:5
end_of_record
TN:
SF:src/components/CarCard/CarTitle.tsx
FN:4,CarTitle
FNF:1
FNH:1
FNDA:4,CarTitle
DA:5,4
LF:1
LH:1
BRF:0
BRH:0
end_of_record
TN:
SF:src/components/CarCard/index.tsx
FN:15,CarCard
FNF:1
FNH:1
FNDA:4,CarCard
DA:16,4
LF:1
LH:1
BRF:0
BRH:0
end_of_record
